<?xml version="1.0" encoding="UTF-8"?>
<!-- Generated by org.testng.reporters.JUnitXMLReporter -->
<testsuite hostname="Admin_SRV-PC" ignored="0" name="Default test" tests="37" failures="1" timestamp="16 Jan 2021 03:25:27 GMT" time="0.777" errors="0">
  <testcase name="register" time="0.015" classname="com.croma.pack2.TestDemo1"/>
  <testcase name="register" time="0.005" classname="com.croma.pack1.MyTestClass"/>
  <testcase name="createUser" time="0.005" classname="com.croma.example.TestNGAnnotation"/>
  <testcase name="testLogin" time="0.005" classname="com.croma.pack2.TestListener"/>
  <testcase name="createUser" time="0.0" classname="com.croma.example.Demo"/>
  <testcase name="register" time="0.0" classname="com.croma.pack1.MyTestClassTwo"/>
  <testcase name="login" time="0.005" classname="com.croma.page.TestNGImpl"/>
  <testcase name="register" time="0.005" classname="com.croma.pack1.TestAnnotation"/>
  <testcase name="login" time="0.0" classname="com.croma.pack2.TestDemo1"/>
  <testcase name="login" time="0.0" classname="com.croma.pack1.MyTestClass"/>
  <testcase name="login" time="0.0" classname="com.croma.example.TestNGAnnotation">
    <failure type="org.testng.TestNGException" message="
Cannot inject @Test annotated Method [login] with [class java.lang.String, class java.lang.String].
For more information on native dependency injection please refer to http://testng.org/doc/documentation-main.html#native-dependency-injection">
      <![CDATA[org.testng.TestNGException: 
Cannot inject @Test annotated Method [login] with [class java.lang.String, class java.lang.String].
For more information on native dependency injection please refer to http://testng.org/doc/documentation-main.html#native-dependency-injection
	at org.testng.internal.Parameters.checkParameterTypes(Parameters.java:334)
	at org.testng.internal.Parameters.createParametersForMethod(Parameters.java:274)
	at org.testng.internal.Parameters.createParameters(Parameters.java:562)
	at org.testng.internal.Parameters.handleParameters(Parameters.java:672)
	at org.testng.internal.Invoker.handleParameters(Invoker.java:1316)
	at org.testng.internal.Invoker.createParameters(Invoker.java:1044)
	at org.testng.internal.Invoker.invokeTestMethods(Invoker.java:1134)
	at org.testng.internal.TestMethodWorker.invokeTestMethods(TestMethodWorker.java:125)
	at org.testng.internal.TestMethodWorker.run(TestMethodWorker.java:109)
	at org.testng.TestRunner.privateRun(TestRunner.java:776)
	at org.testng.TestRunner.run(TestRunner.java:634)
	at org.testng.SuiteRunner.runTest(SuiteRunner.java:425)
	at org.testng.SuiteRunner.runSequentially(SuiteRunner.java:420)
	at org.testng.SuiteRunner.privateRun(SuiteRunner.java:385)
	at org.testng.SuiteRunner.run(SuiteRunner.java:334)
	at org.testng.SuiteRunnerWorker.runSuite(SuiteRunnerWorker.java:52)
	at org.testng.SuiteRunnerWorker.run(SuiteRunnerWorker.java:86)
	at org.testng.TestNG.runSuitesSequentially(TestNG.java:1318)
	at org.testng.TestNG.runSuitesLocally(TestNG.java:1243)
	at org.testng.TestNG.runSuites(TestNG.java:1161)
	at org.testng.TestNG.run(TestNG.java:1129)
	at org.testng.remote.AbstractRemoteTestNG.run(AbstractRemoteTestNG.java:114)
	at org.testng.remote.RemoteTestNG.initAndRun(RemoteTestNG.java:251)
	at org.testng.remote.RemoteTestNG.main(RemoteTestNG.java:77)
]]>
    </failure>
  </testcase> <!-- login -->
  <testcase name="login" time="0.0" classname="com.croma.example.Demo"/>
  <testcase name="login" time="0.001" classname="com.croma.pack1.MyTestClassTwo"/>
  <testcase name="selectCategory" time="0.005" classname="com.croma.page.TestNGImpl"/>
  <testcase name="login" time="0.005" classname="com.croma.pack1.TestAnnotation"/>
  <testcase name="selectCategory" time="0.005" classname="com.croma.pack2.TestDemo1"/>
  <testcase name="selectCategory" time="0.005" classname="com.croma.pack1.MyTestClass"/>
  <testcase name="cselectCategroy" time="0.0" classname="com.croma.example.TestNGAnnotation">
    <skipped/>
  </testcase> <!-- cselectCategroy -->
  <testcase name="selectCategroy" time="0.0" classname="com.croma.example.Demo"/>
  <testcase name="selectCategory" time="0.3" classname="com.croma.pack1.MyTestClassTwo"/>
  <testcase name="selectItem" time="0.005" classname="com.croma.page.TestNGImpl"/>
  <testcase name="selectCategory" time="0.0" classname="com.croma.pack1.TestAnnotation"/>
  <testcase name="buyMobile" time="0.0" classname="com.croma.pack2.TestDemo1"/>
  <testcase name="buyMobile" time="0.005" classname="com.croma.pack1.MyTestClass"/>
  <testcase name="buyItem" time="0.0" classname="com.croma.example.TestNGAnnotation">
    <skipped/>
  </testcase> <!-- buyItem -->
  <testcase name="buyItem" time="0.0" classname="com.croma.example.Demo"/>
  <testcase name="buyMobile" time="0.005" classname="com.croma.pack1.MyTestClassTwo"/>
  <testcase name="buyItem" time="0.005" classname="com.croma.page.TestNGImpl"/>
  <testcase name="buyMobile" time="0.0" classname="com.croma.pack1.TestAnnotation"/>
  <testcase name="fillAddressDetails" time="0.0" classname="com.croma.pack1.MyTestClass"/>
  <testcase name="shippingDetails" time="0.0" classname="com.croma.example.TestNGAnnotation">
    <skipped/>
  </testcase> <!-- shippingDetails -->
  <testcase name="shippingDetails" time="0.0" classname="com.croma.example.Demo"/>
  <testcase name="fillAddressDetails" time="0.0" classname="com.croma.pack1.MyTestClassTwo"/>
  <testcase name="fillAddressDetails" time="0.0" classname="com.croma.pack1.TestAnnotation"/>
  <testcase name="makePayment" time="0.005" classname="com.croma.pack1.MyTestClass"/>
  <testcase name="makePayment" time="0.0" classname="com.croma.pack1.MyTestClassTwo"/>
  <testcase name="paymentDetails" time="0.0" classname="com.croma.example.TestNGAnnotation">
    <skipped/>
  </testcase> <!-- paymentDetails -->
</testsuite> <!-- Default test -->
