<html>
<head>
<title>TestNG:  Test</title>
<link href="../testng.css" rel="stylesheet" type="text/css" />
<link href="../my-testng.css" rel="stylesheet" type="text/css" />

<style type="text/css">
.log { display: none;} 
.stack-trace { display: none;} 
</style>
<script type="text/javascript">
<!--
function flip(e) {
  current = e.style.display;
  if (current == 'block') {
    e.style.display = 'none';
    return 0;
  }
  else {
    e.style.display = 'block';
    return 1;
  }
}

function toggleBox(szDivId, elem, msg1, msg2)
{
  var res = -1;  if (document.getElementById) {
    res = flip(document.getElementById(szDivId));
  }
  else if (document.all) {
    // this is the way old msie versions work
    res = flip(document.all[szDivId]);
  }
  if(elem) {
    if(res == 0) elem.innerHTML = msg1; else elem.innerHTML = msg2;
  }

}

function toggleAllBoxes() {
  if (document.getElementsByTagName) {
    d = document.getElementsByTagName('div');
    for (i = 0; i < d.length; i++) {
      if (d[i].className == 'log') {
        flip(d[i]);
      }
    }
  }
}

// -->
</script>

</head>
<body>
<h2 align='center'>Test</h2><table border='1' align="center">
<tr>
<td>Tests passed/Failed/Skipped:</td><td>6/1/3</td>
</tr><tr>
<td>Started on:</td><td>Tue Jun 14 10:30:25 IST 2016</td>
</tr>
<tr><td>Total time:</td><td>0 seconds (50 ms)</td>
</tr><tr>
<td>Included groups:</td><td>Regression </td>
</tr><tr>
<td>Excluded groups:</td><td></td>
</tr>
</table><p/>
<small><i>(Hover the method name to see the test class name)</i></small><p/>
<table width='100%' border='1' class='invocation-passed'>
<tr><td colspan='4' align='center'><b>PASSED TESTS</b></td></tr>
<tr><td><b>Test method</b></td>
<td width="30%"><b>Exception</b></td>
<td width="10%"><b>Time (seconds)</b></td>
<td><b>Instance</b></td>
</tr>
<tr>
<td title='com.croma.example.Demo.buyItem()'><b>buyItem</b><br>Test class: com.croma.example.Demo<br>Test method: Buying item</td>
<td></td>
<td>0</td>
<td>com.croma.example.Demo@15c955b7</td></tr>
<tr>
<td title='com.croma.example.Demo.createUser()'><b>createUser</b><br>Test class: com.croma.example.Demo<br>Test method: Create user with valid details<br/>
<a href="#Output-1669853963" onClick='toggleBox("Output-1669853963", this, "Show output", "Hide output");'>Show output</a>

<a href="#Output-1669853963" onClick="toggleAllBoxes();">Show all outputs</a>
<div class='log' id="Output-1669853963">
login with cred shail and pwd: xyz<br/>
</div>
</td>
<td></td>
<td>0</td>
<td>com.croma.example.Demo@15c955b7</td></tr>
<tr>
<td title='com.croma.example.TestNGAnnotation.createUser()'><b>createUser</b><br>Test class: com.croma.example.TestNGAnnotation<br>Test method: Create user for flipkart<br/>
<a href="#Output-1019491275" onClick='toggleBox("Output-1019491275", this, "Show output", "Hide output");'>Show output</a>

<a href="#Output-1019491275" onClick="toggleAllBoxes();">Show all outputs</a>
<div class='log' id="Output-1019491275">
Creating user with proper credentials<br/>
</div>
</td>
<td></td>
<td>0</td>
<td>com.croma.example.TestNGAnnotation@1cfd02ce</td></tr>
<tr>
<td title='com.croma.example.Demo.login()'><b>login</b><br>Test class: com.croma.example.Demo<br>Test method: Login with correct credetials</td>
<td></td>
<td>0</td>
<td>com.croma.example.Demo@15c955b7</td></tr>
<tr>
<td title='com.croma.example.Demo.selectCategroy()'><b>selectCategroy</b><br>Test class: com.croma.example.Demo<br>Test method: Selecting electronic category<br/>
<a href="#Output-1610247747" onClick='toggleBox("Output-1610247747", this, "Show output", "Hide output");'>Show output</a>

<a href="#Output-1610247747" onClick="toggleAllBoxes();">Show all outputs</a>
<div class='log' id="Output-1610247747">
Selection electronic category<br/>
</div>
</td>
<td></td>
<td>0</td>
<td>com.croma.example.Demo@15c955b7</td></tr>
<tr>
<td title='com.croma.example.Demo.shippingDetails()'><b>shippingDetails</b><br>Test class: com.croma.example.Demo<br>Test method: Fill shpiing detils</td>
<td></td>
<td>0</td>
<td>com.croma.example.Demo@15c955b7</td></tr>
</table><p>
<table width='100%' border='1' class='invocation-skipped'>
<tr><td colspan='4' align='center'><b>SKIPPED TESTS</b></td></tr>
<tr><td><b>Test method</b></td>
<td width="30%"><b>Exception</b></td>
<td width="10%"><b>Time (seconds)</b></td>
<td><b>Instance</b></td>
</tr>
<tr>
<td title='com.croma.example.TestNGAnnotation.buyItem()'><b>buyItem</b><br>Test class: com.croma.example.TestNGAnnotation<br>Test method: Buying item</td>
<td></td>
<td>0</td>
<td>null</td></tr>
<tr>
<td title='com.croma.example.TestNGAnnotation.cselectCategroy()'><b>cselectCategroy</b><br>Test class: com.croma.example.TestNGAnnotation<br>Test method: Selecting electronic category</td>
<td></td>
<td>0</td>
<td>null</td></tr>
<tr>
<td title='com.croma.example.TestNGAnnotation.login()'><b>login</b><br>Test class: com.croma.example.TestNGAnnotation<br>Test method: Login with valid credentials</td>
<td><div><pre>org.testng.TestNGException: 
Method login requires 2 parameters but 0 were supplied in the @Test annotation.
	at java.util.concurrent.FutureTask$Sync.innerRun(Unknown Source)
	at java.util.concurrent.FutureTask.run(Unknown Source)
	at java.util.concurrent.ThreadPoolExecutor.runWorker(Unknown Source)
	at java.util.concurrent.ThreadPoolExecutor$Worker.run(Unknown Source)
	at java.lang.Thread.run(Unknown Source)
... Removed 15 stack frames</pre></div><a href='#' onClick='toggleBox("stack-trace258980183", this, "Click to show all stack frames", "Click to hide stack frames")'>Click to show all stack frames</a>
<div class='stack-trace' id='stack-trace258980183'><pre>org.testng.TestNGException: 
Method login requires 2 parameters but 0 were supplied in the @Test annotation.
	at org.testng.internal.Parameters.checkParameterTypes(Parameters.java:198)
	at org.testng.internal.Parameters.createParameters(Parameters.java:134)
	at org.testng.internal.Parameters.createParameters(Parameters.java:373)
	at org.testng.internal.Parameters.handleParameters(Parameters.java:450)
	at org.testng.internal.Invoker.handleParameters(Invoker.java:1383)
	at org.testng.internal.Invoker.createParameters(Invoker.java:1075)
	at org.testng.internal.Invoker.invokeTestMethods(Invoker.java:1180)
	at org.testng.internal.TestMethodWorker.invokeTestMethods(TestMethodWorker.java:127)
	at org.testng.internal.TestMethodWorker.run(TestMethodWorker.java:111)
	at org.testng.TestRunner.privateRun(TestRunner.java:767)
	at org.testng.TestRunner.run(TestRunner.java:617)
	at org.testng.SuiteRunner.runTest(SuiteRunner.java:334)
	at org.testng.SuiteRunner.access$000(SuiteRunner.java:37)
	at org.testng.SuiteRunner$SuiteWorker.run(SuiteRunner.java:368)
	at org.testng.internal.thread.ThreadUtil$2.call(ThreadUtil.java:64)
	at java.util.concurrent.FutureTask$Sync.innerRun(Unknown Source)
	at java.util.concurrent.FutureTask.run(Unknown Source)
	at java.util.concurrent.ThreadPoolExecutor.runWorker(Unknown Source)
	at java.util.concurrent.ThreadPoolExecutor$Worker.run(Unknown Source)
	at java.lang.Thread.run(Unknown Source)
</pre></div></td>
<td>0</td>
<td>com.croma.example.TestNGAnnotation@1cfd02ce</td></tr>
<tr>
<td title='com.croma.example.TestNGAnnotation.shippingDetails()'><b>shippingDetails</b><br>Test class: com.croma.example.TestNGAnnotation<br>Test method: Fill shpiing detils</td>
<td></td>
<td>0</td>
<td>null</td></tr>
</table><p>
</body>
</html>